<?xml version="1.0" encoding="UTF-8"?><testrun name="AnimationTester" project="Command_Line_Interface" tests="8" started="8" failures="2" errors="0" ignored="0">
  <testsuite name="cli_testers.AnimationTester" time="0.036" displayname="AnimationTester" uniqueid="[engine:junit-jupiter]/[class:cli_testers.AnimationTester]">
    <testcase name="functional_test1" classname="cli_testers.AnimationTester" time="0.023" displayname="functional_test1()" uniqueid="[engine:junit-jupiter]/[class:cli_testers.AnimationTester]/[method:functional_test1()]">
      <failure>java.lang.AssertionError
	at cli_testers.AnimationTester.functional_test1(AnimationTester.java:21)
	at java.base/java.lang.reflect.Method.invoke(Method.java:580)
	at java.base/java.util.ArrayList.forEach(ArrayList.java:1596)
	at java.base/java.util.ArrayList.forEach(ArrayList.java:1596)

</failure>
    </testcase>
    <testcase name="functional_test2" classname="cli_testers.AnimationTester" time="0.003" displayname="functional_test2()" uniqueid="[engine:junit-jupiter]/[class:cli_testers.AnimationTester]/[method:functional_test2()]">
      <failure>java.lang.AssertionError
	at cli_testers.AnimationTester.functional_test2(AnimationTester.java:37)
	at java.base/java.lang.reflect.Method.invoke(Method.java:580)
	at java.base/java.util.ArrayList.forEach(ArrayList.java:1596)
	at java.base/java.util.ArrayList.forEach(ArrayList.java:1596)

</failure>
    </testcase>
    <testcase name="stress_test_1" classname="cli_testers.AnimationTester" time="0.001" displayname="stress_test_1()" uniqueid="[engine:junit-jupiter]/[class:cli_testers.AnimationTester]/[method:stress_test_1()]"/>
    <testcase name="stress_test_2" classname="cli_testers.AnimationTester" time="0.001" displayname="stress_test_2()" uniqueid="[engine:junit-jupiter]/[class:cli_testers.AnimationTester]/[method:stress_test_2()]"/>
    <testcase name="stress_test_3" classname="cli_testers.AnimationTester" time="0.002" displayname="stress_test_3()" uniqueid="[engine:junit-jupiter]/[class:cli_testers.AnimationTester]/[method:stress_test_3()]"/>
    <testcase name="stress_test_4" classname="cli_testers.AnimationTester" time="0.001" displayname="stress_test_4()" uniqueid="[engine:junit-jupiter]/[class:cli_testers.AnimationTester]/[method:stress_test_4()]"/>
    <testcase name="stress_test_5" classname="cli_testers.AnimationTester" time="0.001" displayname="stress_test_5()" uniqueid="[engine:junit-jupiter]/[class:cli_testers.AnimationTester]/[method:stress_test_5()]"/>
    <testcase name="stress_test_6" classname="cli_testers.AnimationTester" time="0.002" displayname="stress_test_6()" uniqueid="[engine:junit-jupiter]/[class:cli_testers.AnimationTester]/[method:stress_test_6()]"/>
  </testsuite>
</testrun>
