<?xml version="1.0" encoding="UTF-8"?><testrun name="AnimationTester" project="Command_Line_Interface" tests="8" started="8" failures="0" errors="1" ignored="0">
  <testsuite name="cli_testers.AnimationTester" time="0.03" displayname="AnimationTester" uniqueid="[engine:junit-jupiter]/[class:cli_testers.AnimationTester]">
    <testcase name="functional_test1" classname="cli_testers.AnimationTester" time="0.012" displayname="functional_test1()" uniqueid="[engine:junit-jupiter]/[class:cli_testers.AnimationTester]/[method:functional_test1()]"/>
    <testcase name="functional_test2" classname="cli_testers.AnimationTester" time="0.001" displayname="functional_test2()" uniqueid="[engine:junit-jupiter]/[class:cli_testers.AnimationTester]/[method:functional_test2()]"/>
    <testcase name="stress_test_1" classname="cli_testers.AnimationTester" time="0.002" displayname="stress_test_1()" uniqueid="[engine:junit-jupiter]/[class:cli_testers.AnimationTester]/[method:stress_test_1()]"/>
    <testcase name="stress_test_2" classname="cli_testers.AnimationTester" time="0.002" displayname="stress_test_2()" uniqueid="[engine:junit-jupiter]/[class:cli_testers.AnimationTester]/[method:stress_test_2()]"/>
    <testcase name="stress_test_3" classname="cli_testers.AnimationTester" time="0.001" displayname="stress_test_3()" uniqueid="[engine:junit-jupiter]/[class:cli_testers.AnimationTester]/[method:stress_test_3()]"/>
    <testcase name="stress_test_4" classname="cli_testers.AnimationTester" time="0.002" displayname="stress_test_4()" uniqueid="[engine:junit-jupiter]/[class:cli_testers.AnimationTester]/[method:stress_test_4()]"/>
    <testcase name="stress_test_5" classname="cli_testers.AnimationTester" time="0.002" displayname="stress_test_5()" uniqueid="[engine:junit-jupiter]/[class:cli_testers.AnimationTester]/[method:stress_test_5()]"/>
    <testcase name="stress_test_6" classname="cli_testers.AnimationTester" time="0.005" displayname="stress_test_6()" uniqueid="[engine:junit-jupiter]/[class:cli_testers.AnimationTester]/[method:stress_test_6()]">
      <error>java.lang.StringIndexOutOfBoundsException: Range [-1, 5) out of bounds for length 11
	at java.base/jdk.internal.util.Preconditions$1.apply(Preconditions.java:55)
	at java.base/jdk.internal.util.Preconditions$1.apply(Preconditions.java:52)
	at java.base/jdk.internal.util.Preconditions$4.apply(Preconditions.java:213)
	at java.base/jdk.internal.util.Preconditions$4.apply(Preconditions.java:210)
	at java.base/jdk.internal.util.Preconditions.outOfBounds(Preconditions.java:98)
	at java.base/jdk.internal.util.Preconditions.outOfBoundsCheckFromToIndex(Preconditions.java:112)
	at java.base/jdk.internal.util.Preconditions.checkFromToIndex(Preconditions.java:349)
	at java.base/java.lang.String.checkBoundsBeginEnd(String.java:4865)
	at java.base/java.lang.String.substring(String.java:2834)
	at cli_drivers.Animation_CLI_Main.handleArgs(Animation_CLI_Main.java:112)
	at cli_drivers.Animation_CLI_Main.main(Animation_CLI_Main.java:145)
	at cli_testers.AnimationTester.stress_test_6(AnimationTester.java:86)
	at java.base/java.lang.reflect.Method.invoke(Method.java:580)
	at java.base/java.util.ArrayList.forEach(ArrayList.java:1596)
	at java.base/java.util.ArrayList.forEach(ArrayList.java:1596)

</error>
    </testcase>
  </testsuite>
</testrun>
